Traceback (most recent call last):
Traceback (most recent call last):
  File "/common/home/vv382/SHViT/main.py", line 452, in <module>
  File "/common/home/vv382/SHViT/main.py", line 452, in <module>
    main(args)
  File "/common/home/vv382/SHViT/main.py", line 212, in main
    main(args)
  File "/common/home/vv382/SHViT/main.py", line 212, in main
    dataset_train, args.nb_classes = build_dataset(is_train=True, args=args)
  File "/common/home/vv382/SHViT/data/datasets.py", line 143, in build_dataset
    dataset_train, args.nb_classes = build_dataset(is_train=True, args=args)
  File "/common/home/vv382/SHViT/data/datasets.py", line 143, in build_dataset
        dataset = DataClass(dataset = DataClass(

  File "/common/home/vv382/miniconda3/envs/shvit/lib/python3.9/site-packages/medmnist/dataset.py", line 50, in __init__
  File "/common/home/vv382/miniconda3/envs/shvit/lib/python3.9/site-packages/medmnist/dataset.py", line 50, in __init__
        raise RuntimeError(raise RuntimeError(

RuntimeErrorRuntimeError: : Failed to setup the default `root` directory. Please specify and create the `root` directory manually.Failed to setup the default `root` directory. Please specify and create the `root` directory manually.

ERROR:torch.distributed.elastic.multiprocessing.api:failed (exitcode: 1) local_rank: 0 (pid: 2140995) of binary: /common/home/vv382/miniconda3/envs/shvit/bin/python3.9
Traceback (most recent call last):
  File "/common/home/vv382/miniconda3/envs/shvit/bin/torchrun", line 7, in <module>
    sys.exit(main())
  File "/common/home/vv382/miniconda3/envs/shvit/lib/python3.9/site-packages/torch/distributed/elastic/multiprocessing/errors/__init__.py", line 345, in wrapper
    return f(*args, **kwargs)
  File "/common/home/vv382/miniconda3/envs/shvit/lib/python3.9/site-packages/torch/distributed/run.py", line 724, in main
    run(args)
  File "/common/home/vv382/miniconda3/envs/shvit/lib/python3.9/site-packages/torch/distributed/run.py", line 715, in run
    elastic_launch(
  File "/common/home/vv382/miniconda3/envs/shvit/lib/python3.9/site-packages/torch/distributed/launcher/api.py", line 131, in __call__
    return launch_agent(self._config, self._entrypoint, list(args))
  File "/common/home/vv382/miniconda3/envs/shvit/lib/python3.9/site-packages/torch/distributed/launcher/api.py", line 245, in launch_agent
    raise ChildFailedError(
torch.distributed.elastic.multiprocessing.errors.ChildFailedError: 
============================================================
main.py FAILED
------------------------------------------------------------
Failures:
[1]:
  time      : 2025-11-20_16:11:19
  host      : ilab1.cs.rutgers.edu
  rank      : 1 (local_rank: 1)
  exitcode  : 1 (pid: 2141003)
  error_file: <N/A>
  traceback : To enable traceback see: https://pytorch.org/docs/stable/elastic/errors.html
------------------------------------------------------------
Root Cause (first observed failure):
[0]:
  time      : 2025-11-20_16:11:19
  host      : ilab1.cs.rutgers.edu
  rank      : 0 (local_rank: 0)
  exitcode  : 1 (pid: 2140995)
  error_file: <N/A>
  traceback : To enable traceback see: https://pytorch.org/docs/stable/elastic/errors.html
============================================================
