==========================================
Learning Curve Analysis for SHViT
==========================================
Model: shvit_s1
Dataset: EUROSAT
Data Path: /research/projects/mllab/vv382/
Base Output: learning_curve_results
Epochs: 15
==========================================

==========================================
Training with 0.1 of training data
==========================================
Found existing checkpoint: learning_curve_results/shvit_s1_EUROSAT_frac0.1/checkpoint_0.pth
Resuming training from this checkpoint...
Completed training with fraction 0.1
Results saved to learning_curve_results/shvit_s1_EUROSAT_frac0.1

==========================================
Training with 0.325 of training data
==========================================
No existing output directory, starting from scratch
Completed training with fraction 0.325
Results saved to learning_curve_results/shvit_s1_EUROSAT_frac0.325

==========================================
Training with 0.55 of training data
==========================================
No existing output directory, starting from scratch
Completed training with fraction 0.55
Results saved to learning_curve_results/shvit_s1_EUROSAT_frac0.55

==========================================
Training with 0.775 of training data
==========================================
No existing output directory, starting from scratch
Completed training with fraction 0.775
Results saved to learning_curve_results/shvit_s1_EUROSAT_frac0.775

==========================================
Training with 1.0 of training data
==========================================
No existing output directory, starting from scratch
Completed training with fraction 1.0
Results saved to learning_curve_results/shvit_s1_EUROSAT_frac1.0

==========================================
Learning Curve Experiments Complete!
==========================================
Results directory: learning_curve_results

To analyze results, run:
python analyze_learning_curve.py --results-dir learning_curve_results --model shvit_s1 --dataset EUROSAT
